<?xml version="1.0" encoding="UTF-8"?>
<testng-results ignored="0" total="1" passed="1" failed="0" skipped="0">
  <reporter-output>
  </reporter-output>
  <suite started-at="2023-10-15T15:43:04Z" name="Suite" finished-at="2023-10-15T15:43:05Z" duration-ms="234">
    <groups>
    </groups>
    <test started-at="2023-10-15T15:43:04Z" name="Test" finished-at="2023-10-15T15:43:05Z" duration-ms="234">
      <class name="test.web.LoginTest">
        <test-method is-config="true" signature="setup()[pri:0, instance:test.web.LoginTest@12359a82]" started-at="2023-10-15T15:42:56Z" name="setup" finished-at="2023-10-15T15:43:04Z" duration-ms="8711" status="PASS">
          <reporter-output>
          </reporter-output>
        </test-method> <!-- setup -->
        <test-method signature="login()[pri:0, instance:test.web.LoginTest@12359a82]" started-at="2023-10-15T15:43:04Z" name="login" finished-at="2023-10-15T15:43:05Z" duration-ms="222" status="PASS">
          <reporter-output>
          </reporter-output>
        </test-method> <!-- login -->
        <test-method is-config="true" signature="tearDown()[pri:0, instance:test.web.LoginTest@12359a82]" started-at="2023-10-15T15:43:05Z" name="tearDown" finished-at="2023-10-15T15:43:05Z" duration-ms="131" status="PASS">
          <reporter-output>
          </reporter-output>
        </test-method> <!-- tearDown -->
      </class> <!-- test.web.LoginTest -->
    </test> <!-- Test -->
  </suite> <!-- Suite -->
</testng-results>
