<?xml version="1.0" encoding="UTF-8"?>
<testng-results ignored="0" total="1" passed="1" failed="0" skipped="0">
  <reporter-output>
  </reporter-output>
  <suite started-at="2023-10-23T01:16:59 IST" name="Default suite" finished-at="2023-10-23T01:17:00 IST" duration-ms="284">
    <groups>
    </groups>
    <test started-at="2023-10-23T01:16:59 IST" name="Default test" finished-at="2023-10-23T01:17:00 IST" duration-ms="284">
      <class name="test.web.LoginTest">
        <test-method is-config="true" signature="setup()[pri:0, instance:test.web.LoginTest@67f639d3]" started-at="2023-10-23T01:16:51 IST" name="setup" finished-at="2023-10-23T01:16:59 IST" duration-ms="7952" status="PASS">
          <reporter-output>
          </reporter-output>
        </test-method> <!-- setup -->
        <test-method signature="loginTest()[pri:0, instance:test.web.LoginTest@67f639d3]" started-at="2023-10-23T01:16:59 IST" name="loginTest" finished-at="2023-10-23T01:17:00 IST" duration-ms="254" status="PASS">
          <reporter-output>
          </reporter-output>
        </test-method> <!-- loginTest -->
        <test-method is-config="true" signature="tearDown()[pri:0, instance:test.web.LoginTest@67f639d3]" started-at="2023-10-23T01:17:00 IST" name="tearDown" finished-at="2023-10-23T01:17:00 IST" duration-ms="184" status="PASS">
          <reporter-output>
          </reporter-output>
        </test-method> <!-- tearDown -->
      </class> <!-- test.web.LoginTest -->
    </test> <!-- Default test -->
  </suite> <!-- Default suite -->
</testng-results>
